--- Startup times for process: Primary (or UI client) ---

times in msec
 clock   self+sourced   self:  sourced script
 clock   elapsed:              other lines

000.003  000.003: --- NVIM STARTING ---
000.204  000.202: event init
000.319  000.115: early init
000.387  000.068: locale set
000.470  000.083: init first window
000.962  000.492: inits 1
000.976  000.014: window checked
001.036  000.061: parsing arguments
001.549  000.048  000.048: require('vim.shared')
001.643  000.042  000.042: require('vim.inspect')
001.740  000.044  000.044: require('vim._options')
001.742  000.191  000.104: require('vim._editor')
001.744  000.258  000.019: require('vim._init_packages')
001.745  000.451: init lua interpreter
004.421  002.675: nvim_ui_attach
004.691  000.271: nvim_set_client_info
004.693  000.002: --- NVIM STARTED ---

--- Startup times for process: Embedded ---

times in msec
 clock   self+sourced   self:  sourced script
 clock   elapsed:              other lines

000.003  000.003: --- NVIM STARTING ---
000.319  000.316: event init
000.394  000.075: early init
000.452  000.058: locale set
000.516  000.064: init first window
000.891  000.375: inits 1
000.906  000.015: window checked
000.944  000.039: parsing arguments
001.430  000.045  000.045: require('vim.shared')
001.520  000.040  000.040: require('vim.inspect')
001.565  000.038  000.038: require('vim._options')
001.567  000.134  000.057: require('vim._editor')
001.568  000.196  000.016: require('vim._init_packages')
001.569  000.429: init lua interpreter
001.722  000.153: expanding arguments
001.760  000.038: inits 2
001.989  000.229: init highlight
001.989  000.001: waiting for UI
002.186  000.197: done waiting for UI
002.193  000.007: clear screen
002.310  000.014  000.014: require('vim.keymap')
002.960  000.119  000.119: sourcing nvim_exec2()
004.150  001.091  001.091: require('vim.termcap')
004.190  000.028  000.028: require('vim.text')
004.370  002.174  000.923: require('vim._defaults')
004.372  000.005: init default mappings & autocommands
004.391  000.019: --cmd commands
004.472  000.045  000.045: sourcing /nix/store/g2fc5ikh6hnm5mhwbly2agcv01hn9fqk-neovim-unwrapped-0.11.4/share/nvim/runtime/ftplugin.vim
004.537  000.017  000.017: sourcing /nix/store/g2fc5ikh6hnm5mhwbly2agcv01hn9fqk-neovim-unwrapped-0.11.4/share/nvim/runtime/indent.vim
004.871  000.020  000.020: require('vim.fs')
004.951  000.078  000.078: require('vim.uri')
004.962  000.168  000.070: require('vim.loader')
005.217  000.241  000.241: require('utils.info')
005.478  000.146  000.146: require('core.options.common')
005.553  000.074  000.074: require('core.options.disable_plugins')
005.637  000.082  000.082: require('core.options.chars')
006.054  000.012  000.012: require('vim.F')
006.116  000.412  000.401: require('vim.diagnostic')
006.193  000.074  000.074: require('utils.highlight')
006.202  000.564  000.078: require('core.options.diagnostic')
006.203  000.923  000.058: require('core.options')
006.373  000.117  000.117: require('core.autocmd.common')
006.446  000.071  000.071: require('core.autocmd.fcitx')
006.527  000.079  000.079: require('core.autocmd.terminal')
006.528  000.324  000.057: require('core.autocmd')
006.823  000.141  000.141: require('utils.lsp')
006.828  000.299  000.158: require('core.lsp')
007.015  000.130  000.130: require('core.keymaps.common')
007.062  000.045  000.045: require('core.keymaps.lsp')
007.064  000.235  000.060: require('core.keymaps')
007.422  000.160  000.160: require('core.ui.statusline.highlights')
007.546  000.038  000.038: require('core.ui.statusline.components.mode')
007.605  000.027  000.027: require('utils.plugin')
007.611  000.063  000.037: require('core.ui.statusline.components.filetype')
007.642  000.030  000.030: require('core.ui.statusline.components.git')
007.679  000.031  000.031: require('core.ui.statusline.components.diagnostic')
007.708  000.027  000.027: require('core.ui.statusline.components.flag')
007.710  000.239  000.050: require('core.ui.statusline.components')
007.711  000.286  000.047: require('core.ui.statusline.format')
007.813  000.635  000.189: require('core.ui.statusline')
007.922  000.040  000.040: require('core.ui.statuscolumn.highlights')
008.039  000.032  000.032: require('core.ui.statuscolumn.components.number')
008.122  000.022  000.022: require('ffi')
008.134  000.066  000.044: require('utils.fold')
008.136  000.095  000.029: require('core.ui.statuscolumn.components.fold')
008.175  000.038  000.038: require('core.ui.statuscolumn.components.separator')
008.176  000.226  000.061: require('core.ui.statuscolumn.components')
008.177  000.254  000.028: require('core.ui.statuscolumn.format')
008.194  000.380  000.086: require('core.ui.statuscolumn')
008.306  000.071  000.071: require('core.ui.tabline.autocmds')
008.353  000.046  000.046: require('core.ui.tabline.highlights')
008.399  000.045  000.045: require('core.ui.tabline.format')
008.423  000.228  000.067: require('core.ui.tabline')
008.478  000.054  000.054: require('core.ui.foldtext')
008.545  000.065  000.065: require('core.ui.terminal')
008.546  001.482  000.119: require('core.ui')
008.547  003.327  000.064: require('core')
009.920  001.222  001.222: require('lazy')
009.993  000.057  000.057: require('lazy.stats')
010.132  000.121  000.121: require('lazy.core.util')
010.247  000.113  000.113: require('lazy.core.config')
010.472  000.119  000.119: require('lazy.core.handler')
010.882  000.102  000.102: require('lazy.pkg')
010.886  000.327  000.225: require('lazy.core.meta')
010.894  000.420  000.093: require('lazy.core.plugin')
010.898  000.650  000.110: require('lazy.core.loader')
011.113  000.044  000.044: require('lazy.core.fragments')
054.998  000.114  000.114: require('lazy.core.handler.event')
055.009  000.232  000.118: require('lazy.core.handler.ft')
055.082  000.067  000.067: require('lazy.core.handler.cmd')
055.166  000.081  000.081: require('lazy.core.handler.keys')
055.302  000.015  000.015: sourcing nvim_exec2() called at /home/kanata/.config/nvim/init.lua:0
055.392  000.016  000.016: sourcing /home/kanata/.local/share/nvim/lazy/typescript-vim/ftdetect/typescript.vim
055.396  000.056  000.041: sourcing nvim_exec2() called at /home/kanata/.config/nvim/init.lua:0
055.404  000.001  000.001: sourcing nvim_exec2() called at /home/kanata/.config/nvim/init.lua:0
055.673  000.003  000.003: sourcing nvim_exec2() called at /home/kanata/.config/nvim/init.lua:0
055.748  000.011  000.011: sourcing /home/kanata/.local/share/nvim/lazy/vim-jsx-typescript/ftdetect/typescript.vim
055.751  000.048  000.037: sourcing nvim_exec2() called at /home/kanata/.config/nvim/init.lua:0
055.754  000.001  000.001: sourcing nvim_exec2() called at /home/kanata/.config/nvim/init.lua:0
056.748  000.003  000.003: sourcing nvim_exec2() called at /home/kanata/.config/nvim/init.lua:0
056.769  000.001  000.001: sourcing nvim_exec2() called at /home/kanata/.config/nvim/init.lua:0
058.016  000.003  000.003: sourcing nvim_exec2() called at /home/kanata/.config/nvim/init.lua:0
058.031  000.001  000.001: sourcing nvim_exec2() called at /home/kanata/.config/nvim/init.lua:0
058.050  000.001  000.001: sourcing nvim_exec2() called at /home/kanata/.config/nvim/init.lua:0
058.156  000.022  000.022: sourcing /home/kanata/.local/share/nvim/lazy/vim-kitty/ftdetect/kitty.vim
058.160  000.060  000.039: sourcing nvim_exec2() called at /home/kanata/.config/nvim/init.lua:0
058.167  000.001  000.001: sourcing nvim_exec2() called at /home/kanata/.config/nvim/init.lua:0
058.208  000.001  000.001: sourcing nvim_exec2() called at /home/kanata/.config/nvim/init.lua:0
058.218  000.001  000.001: sourcing nvim_exec2() called at /home/kanata/.config/nvim/init.lua:0
058.440  000.135  000.135: sourcing nvim_exec2() called at /nix/store/g2fc5ikh6hnm5mhwbly2agcv01hn9fqk-neovim-unwrapped-0.11.4/share/nvim/runtime/filetype.lua:0
058.443  000.189  000.054: sourcing /nix/store/g2fc5ikh6hnm5mhwbly2agcv01hn9fqk-neovim-unwrapped-0.11.4/share/nvim/runtime/filetype.lua
058.446  000.219  000.030: sourcing nvim_exec2() called at /home/kanata/.config/nvim/init.lua:0
058.719  050.171  047.168: require('plugins')
058.802  000.031  000.031: require('utils.local_config')
058.885  000.036  000.036: require('utils.transparent')
059.724  000.004  000.004: sourcing nvim_exec2() called at ColorSchemePre Autocommands for "*":0
059.733  000.001  000.001: sourcing nvim_exec2() called at ColorSchemePre Autocommands for "*":0
059.956  000.141  000.141: require('onedark')
060.430  000.062  000.062: require('onedark')
060.561  000.120  000.120: sourcing nvim_exec2() called at /home/kanata/.local/share/nvim/lazy/onedark.nvim/colors/onedark.lua:0
060.663  000.096  000.096: sourcing nvim_exec2() called at /home/kanata/.local/share/nvim/lazy/onedark.nvim/colors/onedark.lua:0
061.028  000.057  000.057: require('onedark.palette')
061.070  000.129  000.072: require('onedark.colors')
061.109  000.035  000.035: require('onedark.util')
061.185  000.514  000.350: require('onedark.highlights')
063.317  000.069  000.069: require('onedark.terminal')
063.361  003.217  002.356: sourcing /home/kanata/.local/share/nvim/lazy/onedark.nvim/colors/onedark.lua
063.543  000.055  000.055: require('utils.toggle_relnumber')
063.557  004.835  001.351: require('config')
063.558  058.786  000.044: sourcing /home/kanata/.config/nvim/init.lua
063.564  000.324: sourcing vimrc file(s)
063.645  000.033  000.033: sourcing /nix/store/g2fc5ikh6hnm5mhwbly2agcv01hn9fqk-neovim-unwrapped-0.11.4/share/nvim/runtime/filetype.lua
063.823  000.077  000.077: sourcing /nix/store/g2fc5ikh6hnm5mhwbly2agcv01hn9fqk-neovim-unwrapped-0.11.4/share/nvim/runtime/syntax/synload.vim
063.894  000.204  000.126: sourcing /nix/store/g2fc5ikh6hnm5mhwbly2agcv01hn9fqk-neovim-unwrapped-0.11.4/share/nvim/runtime/syntax/syntax.vim
063.902  000.102: inits 3
066.522  002.619: reading ShaDa
069.687  001.525  001.525: require('vim.filetype')
070.635  000.071  000.071: sourcing /nix/store/g2fc5ikh6hnm5mhwbly2agcv01hn9fqk-neovim-unwrapped-0.11.4/share/nvim/runtime/ftplugin/lua.vim
071.304  000.098  000.098: require('vim.treesitter.language')
071.385  000.078  000.078: require('vim.func')
071.446  000.058  000.058: require('vim.func._memoize')
071.475  000.444  000.211: require('vim.treesitter.query')
071.531  000.055  000.055: require('vim.treesitter._range')
071.549  000.689  000.190: require('vim.treesitter.languagetree')
071.554  000.809  000.119: require('vim.treesitter')
075.020  000.196  000.196: require('vim.treesitter.highlighter')
077.071  006.408  005.403: sourcing /nix/store/g2fc5ikh6hnm5mhwbly2agcv01hn9fqk-neovim-unwrapped-0.11.4/share/nvim/runtime/ftplugin/lua.lua
077.666  000.037  000.037: sourcing /nix/store/g2fc5ikh6hnm5mhwbly2agcv01hn9fqk-neovim-unwrapped-0.11.4/share/nvim/runtime/indent/lua.vim
077.724  003.162: opening buffers
077.764  000.040: BufEnter autocommands
077.766  000.002: editing files in windows
115.898  038.133: VimEnter autocommands
116.003  000.105: UIEnter autocommands
192.069  075.992  075.992: sourcing /nix/store/g2fc5ikh6hnm5mhwbly2agcv01hn9fqk-neovim-unwrapped-0.11.4/share/nvim/runtime/autoload/provider/clipboard.vim
192.086  000.091: before starting main loop
193.330  000.201  000.201: require('vim.hl')
195.905  000.078  000.078: require('vim.lsp.log')
196.232  000.323  000.323: require('vim.lsp.protocol')
196.344  000.108  000.108: require('vim.lsp.util')
196.447  000.062  000.062: require('vim.lsp.sync')
196.451  000.105  000.044: require('vim.lsp._changetracking')
196.577  000.057  000.057: require('vim.lsp._transport')
196.647  000.194  000.136: require('vim.lsp.rpc')
196.699  000.995  000.187: require('vim.lsp')
196.729  003.447: first screen update
196.730  000.001: --- NVIM STARTED ---

